{"/Users/anchanacamchern/TestRC/react-test-app/src/components/Counter/Counter.jsx": {"path":"/Users/anchanacamchern/TestRC/react-test-app/src/components/Counter/Counter.jsx","all":false,"statementMap":{"0":{"start":{"line":1,"column":0},"end":{"line":1,"column":33}},"2":{"start":{"line":3,"column":0},"end":{"line":3,"column":20}},"3":{"start":{"line":4,"column":0},"end":{"line":4,"column":41}},"5":{"start":{"line":6,"column":0},"end":{"line":6,"column":12}},"6":{"start":{"line":7,"column":0},"end":{"line":7,"column":50}},"7":{"start":{"line":8,"column":0},"end":{"line":8,"column":37}},"8":{"start":{"line":9,"column":0},"end":{"line":9,"column":74}},"9":{"start":{"line":10,"column":0},"end":{"line":10,"column":74}},"10":{"start":{"line":11,"column":0},"end":{"line":11,"column":62}},"11":{"start":{"line":12,"column":0},"end":{"line":12,"column":14}},"13":{"start":{"line":14,"column":0},"end":{"line":14,"column":1}},"15":{"start":{"line":16,"column":0},"end":{"line":16,"column":22}}},"s":{"0":1,"2":6,"3":6,"5":6,"6":6,"7":6,"8":6,"9":6,"10":6,"11":6,"13":6,"15":1},"branchMap":{"0":{"type":"branch","line":3,"loc":{"start":{"line":3,"column":0},"end":{"line":14,"column":1}},"locations":[{"start":{"line":3,"column":0},"end":{"line":14,"column":1}}]},"1":{"type":"branch","line":9,"loc":{"start":{"line":9,"column":29},"end":{"line":9,"column":56}},"locations":[{"start":{"line":9,"column":29},"end":{"line":9,"column":56}}]},"2":{"type":"branch","line":10,"loc":{"start":{"line":10,"column":29},"end":{"line":10,"column":56}},"locations":[{"start":{"line":10,"column":29},"end":{"line":10,"column":56}}]},"3":{"type":"branch","line":11,"loc":{"start":{"line":11,"column":29},"end":{"line":11,"column":48}},"locations":[{"start":{"line":11,"column":29},"end":{"line":11,"column":48}}]}},"b":{"0":[6],"1":[1],"2":[1],"3":[1]},"fnMap":{"0":{"name":"Counter","decl":{"start":{"line":3,"column":0},"end":{"line":14,"column":1}},"loc":{"start":{"line":3,"column":0},"end":{"line":14,"column":1}},"line":3},"1":{"name":"onClick","decl":{"start":{"line":9,"column":29},"end":{"line":9,"column":56}},"loc":{"start":{"line":9,"column":29},"end":{"line":9,"column":56}},"line":9},"2":{"name":"onClick","decl":{"start":{"line":10,"column":29},"end":{"line":10,"column":56}},"loc":{"start":{"line":10,"column":29},"end":{"line":10,"column":56}},"line":10},"3":{"name":"onClick","decl":{"start":{"line":11,"column":29},"end":{"line":11,"column":48}},"loc":{"start":{"line":11,"column":29},"end":{"line":11,"column":48}},"line":11}},"f":{"0":6,"1":1,"2":1,"3":1}}
,"/Users/anchanacamchern/TestRC/react-test-app/src/components/RegisterForm/RegisterForm.tsx": {"path":"/Users/anchanacamchern/TestRC/react-test-app/src/components/RegisterForm/RegisterForm.tsx","all":false,"statementMap":{"0":{"start":{"line":1,"column":0},"end":{"line":1,"column":26}},"1":{"start":{"line":2,"column":0},"end":{"line":2,"column":33}},"3":{"start":{"line":4,"column":0},"end":{"line":4,"column":25}},"10":{"start":{"line":11,"column":0},"end":{"line":11,"column":44}},"11":{"start":{"line":12,"column":0},"end":{"line":12,"column":13}},"12":{"start":{"line":13,"column":0},"end":{"line":13,"column":14}},"13":{"start":{"line":14,"column":0},"end":{"line":14,"column":20}},"14":{"start":{"line":15,"column":0},"end":{"line":15,"column":5}},"16":{"start":{"line":17,"column":0},"end":{"line":17,"column":51}},"18":{"start":{"line":19,"column":0},"end":{"line":19,"column":57}},"19":{"start":{"line":20,"column":0},"end":{"line":20,"column":28}},"21":{"start":{"line":22,"column":0},"end":{"line":22,"column":23}},"22":{"start":{"line":23,"column":0},"end":{"line":23,"column":39}},"23":{"start":{"line":24,"column":0},"end":{"line":24,"column":5}},"24":{"start":{"line":25,"column":0},"end":{"line":25,"column":24}},"25":{"start":{"line":26,"column":0},"end":{"line":26,"column":41}},"26":{"start":{"line":27,"column":0},"end":{"line":27,"column":52}},"27":{"start":{"line":28,"column":0},"end":{"line":28,"column":40}},"28":{"start":{"line":29,"column":0},"end":{"line":29,"column":5}},"29":{"start":{"line":30,"column":0},"end":{"line":30,"column":30}},"30":{"start":{"line":31,"column":0},"end":{"line":31,"column":54}},"31":{"start":{"line":32,"column":0},"end":{"line":32,"column":54}},"32":{"start":{"line":33,"column":0},"end":{"line":33,"column":71}},"33":{"start":{"line":34,"column":0},"end":{"line":34,"column":5}},"34":{"start":{"line":35,"column":0},"end":{"line":35,"column":18}},"35":{"start":{"line":36,"column":0},"end":{"line":36,"column":4}},"37":{"start":{"line":38,"column":0},"end":{"line":38,"column":82}},"38":{"start":{"line":39,"column":0},"end":{"line":39,"column":41}},"39":{"start":{"line":40,"column":0},"end":{"line":40,"column":17}},"40":{"start":{"line":41,"column":0},"end":{"line":41,"column":18}},"41":{"start":{"line":42,"column":0},"end":{"line":42,"column":20}},"42":{"start":{"line":43,"column":0},"end":{"line":43,"column":7}},"43":{"start":{"line":44,"column":0},"end":{"line":44,"column":4}},"45":{"start":{"line":46,"column":0},"end":{"line":46,"column":78}},"46":{"start":{"line":47,"column":0},"end":{"line":47,"column":34}},"47":{"start":{"line":48,"column":0},"end":{"line":48,"column":43}},"48":{"start":{"line":49,"column":0},"end":{"line":49,"column":66}},"49":{"start":{"line":50,"column":0},"end":{"line":50,"column":4}},"51":{"start":{"line":52,"column":0},"end":{"line":52,"column":74}},"52":{"start":{"line":53,"column":0},"end":{"line":53,"column":27}},"53":{"start":{"line":54,"column":0},"end":{"line":54,"column":41}},"54":{"start":{"line":55,"column":0},"end":{"line":55,"column":46}},"55":{"start":{"line":56,"column":0},"end":{"line":56,"column":11}},"56":{"start":{"line":57,"column":0},"end":{"line":57,"column":42}},"57":{"start":{"line":58,"column":0},"end":{"line":58,"column":62}},"58":{"start":{"line":59,"column":0},"end":{"line":59,"column":18}},"59":{"start":{"line":60,"column":0},"end":{"line":60,"column":10}},"60":{"start":{"line":61,"column":0},"end":{"line":61,"column":72}},"61":{"start":{"line":62,"column":0},"end":{"line":62,"column":39}},"62":{"start":{"line":63,"column":0},"end":{"line":63,"column":62}},"63":{"start":{"line":64,"column":0},"end":{"line":64,"column":23}},"64":{"start":{"line":65,"column":0},"end":{"line":65,"column":38}},"65":{"start":{"line":66,"column":0},"end":{"line":66,"column":31}},"66":{"start":{"line":67,"column":0},"end":{"line":67,"column":7}},"67":{"start":{"line":68,"column":0},"end":{"line":68,"column":12}},"68":{"start":{"line":69,"column":0},"end":{"line":69,"column":27}},"69":{"start":{"line":70,"column":0},"end":{"line":70,"column":5}},"70":{"start":{"line":71,"column":0},"end":{"line":71,"column":4}},"72":{"start":{"line":73,"column":0},"end":{"line":73,"column":10}},"73":{"start":{"line":74,"column":0},"end":{"line":74,"column":39}},"74":{"start":{"line":75,"column":0},"end":{"line":75,"column":70}},"75":{"start":{"line":76,"column":0},"end":{"line":76,"column":58}},"76":{"start":{"line":77,"column":0},"end":{"line":77,"column":40}},"77":{"start":{"line":78,"column":0},"end":{"line":78,"column":16}},"78":{"start":{"line":79,"column":0},"end":{"line":79,"column":26}},"79":{"start":{"line":80,"column":0},"end":{"line":80,"column":78}},"80":{"start":{"line":81,"column":0},"end":{"line":81,"column":11}},"82":{"start":{"line":83,"column":0},"end":{"line":83,"column":18}},"83":{"start":{"line":84,"column":0},"end":{"line":84,"column":16}},"84":{"start":{"line":85,"column":0},"end":{"line":85,"column":23}},"85":{"start":{"line":86,"column":0},"end":{"line":86,"column":21}},"86":{"start":{"line":87,"column":0},"end":{"line":87,"column":23}},"87":{"start":{"line":88,"column":0},"end":{"line":88,"column":35}},"88":{"start":{"line":89,"column":0},"end":{"line":89,"column":31}},"89":{"start":{"line":90,"column":0},"end":{"line":90,"column":33}},"90":{"start":{"line":91,"column":0},"end":{"line":91,"column":30}},"91":{"start":{"line":92,"column":0},"end":{"line":92,"column":151}},"92":{"start":{"line":93,"column":0},"end":{"line":93,"column":19}},"93":{"start":{"line":94,"column":0},"end":{"line":94,"column":27}},"94":{"start":{"line":95,"column":0},"end":{"line":95,"column":66}},"96":{"start":{"line":97,"column":0},"end":{"line":97,"column":14}},"97":{"start":{"line":98,"column":0},"end":{"line":98,"column":40}},"98":{"start":{"line":99,"column":0},"end":{"line":99,"column":16}},"99":{"start":{"line":100,"column":0},"end":{"line":100,"column":27}},"100":{"start":{"line":101,"column":0},"end":{"line":101,"column":78}},"101":{"start":{"line":102,"column":0},"end":{"line":102,"column":11}},"103":{"start":{"line":104,"column":0},"end":{"line":104,"column":18}},"104":{"start":{"line":105,"column":0},"end":{"line":105,"column":16}},"105":{"start":{"line":106,"column":0},"end":{"line":106,"column":24}},"106":{"start":{"line":107,"column":0},"end":{"line":107,"column":22}},"107":{"start":{"line":108,"column":0},"end":{"line":108,"column":24}},"108":{"start":{"line":109,"column":0},"end":{"line":109,"column":35}},"109":{"start":{"line":110,"column":0},"end":{"line":110,"column":31}},"110":{"start":{"line":111,"column":0},"end":{"line":111,"column":34}},"111":{"start":{"line":112,"column":0},"end":{"line":112,"column":31}},"112":{"start":{"line":113,"column":0},"end":{"line":113,"column":151}},"113":{"start":{"line":114,"column":0},"end":{"line":114,"column":12}},"114":{"start":{"line":115,"column":0},"end":{"line":115,"column":28}},"115":{"start":{"line":116,"column":0},"end":{"line":116,"column":66}},"117":{"start":{"line":118,"column":0},"end":{"line":118,"column":14}},"118":{"start":{"line":119,"column":0},"end":{"line":119,"column":40}},"119":{"start":{"line":120,"column":0},"end":{"line":120,"column":16}},"120":{"start":{"line":121,"column":0},"end":{"line":121,"column":33}},"121":{"start":{"line":122,"column":0},"end":{"line":122,"column":78}},"122":{"start":{"line":123,"column":0},"end":{"line":123,"column":11}},"124":{"start":{"line":125,"column":0},"end":{"line":125,"column":18}},"125":{"start":{"line":126,"column":0},"end":{"line":126,"column":16}},"126":{"start":{"line":127,"column":0},"end":{"line":127,"column":23}},"127":{"start":{"line":128,"column":0},"end":{"line":128,"column":28}},"128":{"start":{"line":129,"column":0},"end":{"line":129,"column":30}},"129":{"start":{"line":130,"column":0},"end":{"line":130,"column":35}},"130":{"start":{"line":131,"column":0},"end":{"line":131,"column":31}},"131":{"start":{"line":132,"column":0},"end":{"line":132,"column":40}},"132":{"start":{"line":133,"column":0},"end":{"line":133,"column":37}},"133":{"start":{"line":134,"column":0},"end":{"line":134,"column":151}},"134":{"start":{"line":135,"column":0},"end":{"line":135,"column":12}},"135":{"start":{"line":136,"column":0},"end":{"line":136,"column":34}},"136":{"start":{"line":137,"column":0},"end":{"line":137,"column":72}},"138":{"start":{"line":139,"column":0},"end":{"line":139,"column":14}},"139":{"start":{"line":140,"column":0},"end":{"line":140,"column":15}},"140":{"start":{"line":141,"column":0},"end":{"line":141,"column":23}},"141":{"start":{"line":142,"column":0},"end":{"line":142,"column":167}},"142":{"start":{"line":143,"column":0},"end":{"line":143,"column":9}},"144":{"start":{"line":145,"column":0},"end":{"line":145,"column":17}},"145":{"start":{"line":146,"column":0},"end":{"line":146,"column":13}},"146":{"start":{"line":147,"column":0},"end":{"line":147,"column":10}},"148":{"start":{"line":149,"column":0},"end":{"line":149,"column":1}},"150":{"start":{"line":151,"column":0},"end":{"line":151,"column":28}}},"s":{"0":1,"1":1,"3":28,"10":28,"11":28,"12":28,"13":28,"14":28,"16":28,"18":28,"19":7,"21":7,"22":2,"23":2,"24":7,"25":2,"26":7,"27":1,"28":1,"29":7,"30":2,"31":7,"32":2,"33":2,"34":7,"35":7,"37":28,"38":15,"39":15,"40":15,"41":15,"42":15,"43":15,"45":28,"46":1,"47":1,"48":1,"49":1,"51":28,"52":6,"53":6,"54":6,"55":3,"56":3,"57":3,"58":3,"59":3,"60":3,"61":1,"62":1,"63":3,"64":2,"65":2,"66":2,"67":3,"68":3,"69":3,"70":6,"72":28,"73":28,"74":28,"75":28,"76":28,"77":28,"78":28,"79":28,"80":28,"82":28,"83":28,"84":28,"85":28,"86":28,"87":28,"88":28,"89":28,"90":28,"91":28,"92":28,"93":28,"94":1,"96":28,"97":28,"98":28,"99":28,"100":28,"101":28,"103":28,"104":28,"105":28,"106":28,"107":28,"108":28,"109":28,"110":28,"111":28,"112":28,"113":28,"114":28,"115":3,"117":28,"118":28,"119":28,"120":28,"121":28,"122":28,"124":28,"125":28,"126":28,"127":28,"128":28,"129":28,"130":28,"131":28,"132":28,"133":28,"134":28,"135":28,"136":3,"138":28,"139":28,"140":28,"141":28,"142":28,"144":28,"145":28,"146":28,"148":28,"150":1},"branchMap":{"0":{"type":"branch","line":4,"loc":{"start":{"line":4,"column":0},"end":{"line":149,"column":1}},"locations":[{"start":{"line":4,"column":0},"end":{"line":149,"column":1}}]},"1":{"type":"branch","line":94,"loc":{"start":{"line":94,"column":18},"end":{"line":95,"column":66}},"locations":[{"start":{"line":94,"column":18},"end":{"line":95,"column":66}}]},"2":{"type":"branch","line":115,"loc":{"start":{"line":115,"column":18},"end":{"line":116,"column":66}},"locations":[{"start":{"line":115,"column":18},"end":{"line":116,"column":66}}]},"3":{"type":"branch","line":136,"loc":{"start":{"line":136,"column":18},"end":{"line":137,"column":72}},"locations":[{"start":{"line":136,"column":18},"end":{"line":137,"column":72}}]},"4":{"type":"branch","line":19,"loc":{"start":{"line":19,"column":19},"end":{"line":36,"column":4}},"locations":[{"start":{"line":19,"column":19},"end":{"line":36,"column":4}}]},"5":{"type":"branch","line":22,"loc":{"start":{"line":22,"column":22},"end":{"line":24,"column":5}},"locations":[{"start":{"line":22,"column":22},"end":{"line":24,"column":5}}]},"6":{"type":"branch","line":25,"loc":{"start":{"line":25,"column":23},"end":{"line":27,"column":15}},"locations":[{"start":{"line":25,"column":23},"end":{"line":27,"column":15}}]},"7":{"type":"branch","line":27,"loc":{"start":{"line":27,"column":4},"end":{"line":29,"column":5}},"locations":[{"start":{"line":27,"column":4},"end":{"line":29,"column":5}}]},"8":{"type":"branch","line":27,"loc":{"start":{"line":27,"column":51},"end":{"line":29,"column":5}},"locations":[{"start":{"line":27,"column":51},"end":{"line":29,"column":5}}]},"9":{"type":"branch","line":30,"loc":{"start":{"line":30,"column":29},"end":{"line":32,"column":15}},"locations":[{"start":{"line":30,"column":29},"end":{"line":32,"column":15}}]},"10":{"type":"branch","line":32,"loc":{"start":{"line":32,"column":4},"end":{"line":34,"column":5}},"locations":[{"start":{"line":32,"column":4},"end":{"line":34,"column":5}}]},"11":{"type":"branch","line":32,"loc":{"start":{"line":32,"column":53},"end":{"line":34,"column":5}},"locations":[{"start":{"line":32,"column":53},"end":{"line":34,"column":5}}]},"12":{"type":"branch","line":38,"loc":{"start":{"line":38,"column":23},"end":{"line":44,"column":4}},"locations":[{"start":{"line":38,"column":23},"end":{"line":44,"column":4}}]},"13":{"type":"branch","line":46,"loc":{"start":{"line":46,"column":21},"end":{"line":50,"column":4}},"locations":[{"start":{"line":46,"column":21},"end":{"line":50,"column":4}}]},"14":{"type":"branch","line":49,"loc":{"start":{"line":49,"column":14},"end":{"line":49,"column":64}},"locations":[{"start":{"line":49,"column":14},"end":{"line":49,"column":64}}]},"15":{"type":"branch","line":52,"loc":{"start":{"line":52,"column":23},"end":{"line":71,"column":4}},"locations":[{"start":{"line":52,"column":23},"end":{"line":71,"column":4}}]},"16":{"type":"branch","line":55,"loc":{"start":{"line":55,"column":45},"end":{"line":70,"column":5}},"locations":[{"start":{"line":55,"column":45},"end":{"line":70,"column":5}}]},"17":{"type":"branch","line":60,"loc":{"start":{"line":60,"column":8},"end":{"line":61,"column":34}},"locations":[{"start":{"line":60,"column":8},"end":{"line":61,"column":34}}]},"18":{"type":"branch","line":61,"loc":{"start":{"line":61,"column":28},"end":{"line":64,"column":15}},"locations":[{"start":{"line":61,"column":28},"end":{"line":64,"column":15}}]},"19":{"type":"branch","line":64,"loc":{"start":{"line":64,"column":6},"end":{"line":67,"column":7}},"locations":[{"start":{"line":64,"column":6},"end":{"line":67,"column":7}}]}},"b":{"0":[28],"1":[1],"2":[3],"3":[3],"4":[7],"5":[2],"6":[2],"7":[5],"8":[1],"9":[2],"10":[5],"11":[2],"12":[15],"13":[1],"14":[1],"15":[6],"16":[3],"17":[2],"18":[1],"19":[2]},"fnMap":{"0":{"name":"RegisterForm","decl":{"start":{"line":4,"column":0},"end":{"line":149,"column":1}},"loc":{"start":{"line":4,"column":0},"end":{"line":149,"column":1}},"line":4},"1":{"name":"validate","decl":{"start":{"line":19,"column":19},"end":{"line":36,"column":4}},"loc":{"start":{"line":19,"column":19},"end":{"line":36,"column":4}},"line":19},"2":{"name":"handleChange","decl":{"start":{"line":38,"column":23},"end":{"line":44,"column":4}},"loc":{"start":{"line":38,"column":23},"end":{"line":44,"column":4}},"line":38},"3":{"name":"handleBlur","decl":{"start":{"line":46,"column":21},"end":{"line":50,"column":4}},"loc":{"start":{"line":46,"column":21},"end":{"line":50,"column":4}},"line":46},"4":{"name":"handleSubmit","decl":{"start":{"line":52,"column":23},"end":{"line":71,"column":4}},"loc":{"start":{"line":52,"column":23},"end":{"line":71,"column":4}},"line":52}},"f":{"0":28,"1":7,"2":15,"3":1,"4":6}}
,"/Users/anchanacamchern/TestRC/react-test-app/src/components/UserList/UserList.jsx": {"path":"/Users/anchanacamchern/TestRC/react-test-app/src/components/UserList/UserList.jsx","all":false,"statementMap":{"0":{"start":{"line":1,"column":0},"end":{"line":1,"column":25}},"1":{"start":{"line":2,"column":0},"end":{"line":2,"column":43}},"3":{"start":{"line":4,"column":0},"end":{"line":4,"column":21}},"5":{"start":{"line":6,"column":0},"end":{"line":6,"column":42}},"6":{"start":{"line":7,"column":0},"end":{"line":7,"column":52}},"8":{"start":{"line":9,"column":0},"end":{"line":9,"column":21}},"9":{"start":{"line":10,"column":0},"end":{"line":10,"column":40}},"10":{"start":{"line":11,"column":0},"end":{"line":11,"column":17}},"11":{"start":{"line":12,"column":0},"end":{"line":12,"column":49}},"12":{"start":{"line":13,"column":0},"end":{"line":13,"column":71}},"13":{"start":{"line":14,"column":0},"end":{"line":14,"column":17}},"14":{"start":{"line":15,"column":0},"end":{"line":15,"column":39}},"15":{"start":{"line":16,"column":0},"end":{"line":16,"column":29}},"16":{"start":{"line":17,"column":0},"end":{"line":17,"column":62}},"17":{"start":{"line":18,"column":0},"end":{"line":18,"column":13}},"18":{"start":{"line":19,"column":0},"end":{"line":19,"column":9}},"19":{"start":{"line":20,"column":0},"end":{"line":20,"column":20}},"20":{"start":{"line":21,"column":0},"end":{"line":21,"column":10}},"22":{"start":{"line":23,"column":0},"end":{"line":23,"column":37}},"23":{"start":{"line":24,"column":0},"end":{"line":24,"column":41}},"24":{"start":{"line":25,"column":0},"end":{"line":25,"column":5}},"26":{"start":{"line":27,"column":0},"end":{"line":27,"column":39}},"27":{"start":{"line":28,"column":0},"end":{"line":28,"column":17}},"28":{"start":{"line":29,"column":0},"end":{"line":29,"column":79}},"29":{"start":{"line":30,"column":0},"end":{"line":30,"column":77}},"30":{"start":{"line":31,"column":0},"end":{"line":31,"column":5}},"32":{"start":{"line":33,"column":0},"end":{"line":33,"column":12}},"33":{"start":{"line":34,"column":0},"end":{"line":34,"column":47}},"34":{"start":{"line":35,"column":0},"end":{"line":35,"column":18}},"35":{"start":{"line":36,"column":0},"end":{"line":36,"column":27}},"36":{"start":{"line":37,"column":0},"end":{"line":37,"column":74}},"37":{"start":{"line":38,"column":0},"end":{"line":38,"column":53}},"38":{"start":{"line":39,"column":0},"end":{"line":39,"column":34}},"39":{"start":{"line":40,"column":0},"end":{"line":40,"column":39}},"40":{"start":{"line":41,"column":0},"end":{"line":41,"column":14}},"41":{"start":{"line":42,"column":0},"end":{"line":42,"column":53}},"42":{"start":{"line":43,"column":0},"end":{"line":43,"column":49}},"43":{"start":{"line":44,"column":0},"end":{"line":44,"column":24}},"44":{"start":{"line":45,"column":0},"end":{"line":45,"column":59}},"45":{"start":{"line":46,"column":0},"end":{"line":46,"column":60}},"46":{"start":{"line":47,"column":0},"end":{"line":47,"column":67}},"47":{"start":{"line":48,"column":0},"end":{"line":48,"column":25}},"48":{"start":{"line":49,"column":0},"end":{"line":49,"column":24}},"49":{"start":{"line":50,"column":0},"end":{"line":50,"column":23}},"50":{"start":{"line":51,"column":0},"end":{"line":51,"column":50}},"51":{"start":{"line":52,"column":0},"end":{"line":52,"column":94}},"52":{"start":{"line":53,"column":0},"end":{"line":53,"column":71}},"53":{"start":{"line":54,"column":0},"end":{"line":54,"column":71}},"54":{"start":{"line":55,"column":0},"end":{"line":55,"column":77}},"55":{"start":{"line":56,"column":0},"end":{"line":56,"column":29}},"56":{"start":{"line":57,"column":0},"end":{"line":57,"column":23}},"57":{"start":{"line":58,"column":0},"end":{"line":58,"column":24}},"58":{"start":{"line":59,"column":0},"end":{"line":59,"column":20}},"59":{"start":{"line":60,"column":0},"end":{"line":60,"column":14}},"62":{"start":{"line":63,"column":0},"end":{"line":63,"column":1}},"64":{"start":{"line":65,"column":0},"end":{"line":65,"column":23}}},"s":{"0":1,"1":1,"3":6,"5":6,"6":6,"8":6,"9":3,"10":3,"11":3,"12":3,"13":3,"14":2,"15":3,"16":1,"17":1,"18":3,"19":3,"20":6,"22":6,"23":1,"24":1,"26":6,"27":6,"28":6,"29":2,"30":6,"32":6,"33":6,"34":6,"35":6,"36":6,"37":6,"38":6,"39":6,"40":6,"41":6,"42":6,"43":6,"44":6,"45":6,"46":6,"47":6,"48":6,"49":6,"50":6,"51":4,"52":4,"53":4,"54":4,"55":4,"56":6,"57":6,"58":6,"59":6,"62":6,"64":1},"branchMap":{"0":{"type":"branch","line":4,"loc":{"start":{"line":4,"column":0},"end":{"line":63,"column":1}},"locations":[{"start":{"line":4,"column":0},"end":{"line":63,"column":1}}]},"1":{"type":"branch","line":9,"loc":{"start":{"line":9,"column":14},"end":{"line":21,"column":7}},"locations":[{"start":{"line":9,"column":14},"end":{"line":21,"column":7}}]},"2":{"type":"branch","line":10,"loc":{"start":{"line":10,"column":27},"end":{"line":19,"column":9}},"locations":[{"start":{"line":10,"column":27},"end":{"line":19,"column":9}}]},"3":{"type":"branch","line":14,"loc":{"start":{"line":14,"column":16},"end":{"line":16,"column":21}},"locations":[{"start":{"line":14,"column":16},"end":{"line":16,"column":21}}]},"4":{"type":"branch","line":16,"loc":{"start":{"line":16,"column":12},"end":{"line":18,"column":13}},"locations":[{"start":{"line":16,"column":12},"end":{"line":18,"column":13}}]},"5":{"type":"branch","line":23,"loc":{"start":{"line":23,"column":25},"end":{"line":25,"column":5}},"locations":[{"start":{"line":23,"column":25},"end":{"line":25,"column":5}}]},"6":{"type":"branch","line":28,"loc":{"start":{"line":28,"column":8},"end":{"line":30,"column":77}},"locations":[{"start":{"line":28,"column":8},"end":{"line":30,"column":77}}]},"7":{"type":"branch","line":29,"loc":{"start":{"line":29,"column":75},"end":{"line":30,"column":77}},"locations":[{"start":{"line":29,"column":75},"end":{"line":30,"column":77}}]},"8":{"type":"branch","line":51,"loc":{"start":{"line":51,"column":39},"end":{"line":56,"column":29}},"locations":[{"start":{"line":51,"column":39},"end":{"line":56,"column":29}}]}},"b":{"0":[6],"1":[3],"2":[3],"3":[2],"4":[1],"5":[1],"6":[6],"7":[2],"8":[4]},"fnMap":{"0":{"name":"UserList","decl":{"start":{"line":4,"column":0},"end":{"line":63,"column":1}},"loc":{"start":{"line":4,"column":0},"end":{"line":63,"column":1}},"line":4},"1":{"name":"fetchUsers","decl":{"start":{"line":10,"column":27},"end":{"line":19,"column":9}},"loc":{"start":{"line":10,"column":27},"end":{"line":19,"column":9}},"line":10},"2":{"name":"handleSearch","decl":{"start":{"line":23,"column":25},"end":{"line":25,"column":5}},"loc":{"start":{"line":23,"column":25},"end":{"line":25,"column":5}},"line":23}},"f":{"0":6,"1":3,"2":1}}
}
